This is XeTeX, Version 3.141592653-2.6-0.999993 (TeX Live 2021/W32TeX) (preloaded format=xelatex 2021.9.6)  27 OCT 2021 23:24
entering extended mode
 restricted \write18 enabled.
 %&-line parsing enabled.
**_main.tex
(./_main.tex
LaTeX2e <2021-06-01> patch level 1
L3 programming layer <2021-08-27> (c:/Users/murph/AppData/Roaming/TinyTeX/texmf
-dist/tex/latex/base/book.cls
Document Class: book 2021/02/12 v1.4n Standard LaTeX document class
(c:/Users/murph/AppData/Roaming/TinyTeX/texmf-dist/tex/latex/base/bk10.clo
File: bk10.clo 2021/02/12 v1.4n Standard LaTeX file (size option)
)
\c@part=\count178
\c@chapter=\count179
\c@section=\count180
\c@subsection=\count181
\c@subsubsection=\count182
\c@paragraph=\count183
\c@subparagraph=\count184
\c@figure=\count185
\c@table=\count186
\abovecaptionskip=\skip47
\belowcaptionskip=\skip48
\bibindent=\dimen138
)
(c:/Users/murph/AppData/Roaming/TinyTeX/texmf-dist/tex/latex/amsmath/amsmath.st
y
Package: amsmath 2021/04/20 v2.17j AMS math features
\@mathmargin=\skip49
For additional information on amsmath, use the `?' option.

(c:/Users/murph/AppData/Roaming/TinyTeX/texmf-dist/tex/latex/amsmath/amstext.st
y
Package: amstext 2000/06/29 v2.01 AMS text

(c:/Users/murph/AppData/Roaming/TinyTeX/texmf-dist/tex/latex/amsmath/amsgen.sty
File: amsgen.sty 1999/11/30 v2.0 generic functions
\@emptytoks=\toks16
\ex@=\dimen139
))
(c:/Users/murph/AppData/Roaming/TinyTeX/texmf-dist/tex/latex/amsmath/amsbsy.sty
Package: amsbsy 1999/11/29 v1.2d Bold Symbols
\pmbraise@=\dimen140
)
(c:/Users/murph/AppData/Roaming/TinyTeX/texmf-dist/tex/latex/amsmath/amsopn.sty
Package: amsopn 2016/03/08 v2.02 operator names
)
\inf@bad=\count187
LaTeX Info: Redefining \frac on input line 234.
\uproot@=\count188
\leftroot@=\count189
LaTeX Info: Redefining \overline on input line 399.
\classnum@=\count190
\DOTSCASE@=\count191
LaTeX Info: Redefining \ldots on input line 496.
LaTeX Info: Redefining \dots on input line 499.
LaTeX Info: Redefining \cdots on input line 620.
\Mathstrutbox@=\box50
\strutbox@=\box51
\big@size=\dimen141
LaTeX Font Info:    Redeclaring font encoding OML on input line 743.
LaTeX Font Info:    Redeclaring font encoding OMS on input line 744.
\macc@depth=\count192
\c@MaxMatrixCols=\count193
\dotsspace@=\muskip16
\c@parentequation=\count194
\dspbrk@lvl=\count195
\tag@help=\toks17
\row@=\count196
\column@=\count197
\maxfields@=\count198
\andhelp@=\toks18
\eqnshift@=\dimen142
\alignsep@=\dimen143
\tagshift@=\dimen144
\tagwidth@=\dimen145
\totwidth@=\dimen146
\lineht@=\dimen147
\@envbody=\toks19
\multlinegap=\skip50
\multlinetaggap=\skip51
\mathdisplay@stack=\toks20
LaTeX Info: Redefining \[ on input line 2923.
LaTeX Info: Redefining \] on input line 2924.
)
(c:/Users/murph/AppData/Roaming/TinyTeX/texmf-dist/tex/latex/amsfonts/amssymb.s
ty
Package: amssymb 2013/01/14 v3.01 AMS font symbols

(c:/Users/murph/AppData/Roaming/TinyTeX/texmf-dist/tex/latex/amsfonts/amsfonts.
sty
Package: amsfonts 2013/01/14 v3.01 Basic AMSFonts support
\symAMSa=\mathgroup4
\symAMSb=\mathgroup5
LaTeX Font Info:    Redeclaring math symbol \hbar on input line 98.
LaTeX Font Info:    Overwriting math alphabet `\mathfrak' in version `bold'
(Font)                  U/euf/m/n --> U/euf/b/n on input line 106.
)) (c:/Users/murph/AppData/Roaming/TinyTeX/texmf-dist/tex/latex/lm/lmodern.sty
Package: lmodern 2015/05/01 v1.6.1 Latin Modern Fonts
LaTeX Font Info:    Overwriting symbol font `operators' in version `normal'
(Font)                  OT1/cmr/m/n --> OT1/lmr/m/n on input line 22.
LaTeX Font Info:    Overwriting symbol font `letters' in version `normal'
(Font)                  OML/cmm/m/it --> OML/lmm/m/it on input line 23.
LaTeX Font Info:    Overwriting symbol font `symbols' in version `normal'
(Font)                  OMS/cmsy/m/n --> OMS/lmsy/m/n on input line 24.
LaTeX Font Info:    Overwriting symbol font `largesymbols' in version `normal'
(Font)                  OMX/cmex/m/n --> OMX/lmex/m/n on input line 25.
LaTeX Font Info:    Overwriting symbol font `operators' in version `bold'
(Font)                  OT1/cmr/bx/n --> OT1/lmr/bx/n on input line 26.
LaTeX Font Info:    Overwriting symbol font `letters' in version `bold'
(Font)                  OML/cmm/b/it --> OML/lmm/b/it on input line 27.
LaTeX Font Info:    Overwriting symbol font `symbols' in version `bold'
(Font)                  OMS/cmsy/b/n --> OMS/lmsy/b/n on input line 28.
LaTeX Font Info:    Overwriting symbol font `largesymbols' in version `bold'
(Font)                  OMX/cmex/m/n --> OMX/lmex/m/n on input line 29.
LaTeX Font Info:    Overwriting math alphabet `\mathbf' in version `normal'
(Font)                  OT1/cmr/bx/n --> OT1/lmr/bx/n on input line 31.
LaTeX Font Info:    Overwriting math alphabet `\mathsf' in version `normal'
(Font)                  OT1/cmss/m/n --> OT1/lmss/m/n on input line 32.
LaTeX Font Info:    Overwriting math alphabet `\mathit' in version `normal'
(Font)                  OT1/cmr/m/it --> OT1/lmr/m/it on input line 33.
LaTeX Font Info:    Overwriting math alphabet `\mathtt' in version `normal'
(Font)                  OT1/cmtt/m/n --> OT1/lmtt/m/n on input line 34.
LaTeX Font Info:    Overwriting math alphabet `\mathbf' in version `bold'
(Font)                  OT1/cmr/bx/n --> OT1/lmr/bx/n on input line 35.
LaTeX Font Info:    Overwriting math alphabet `\mathsf' in version `bold'
(Font)                  OT1/cmss/bx/n --> OT1/lmss/bx/n on input line 36.
LaTeX Font Info:    Overwriting math alphabet `\mathit' in version `bold'
(Font)                  OT1/cmr/bx/it --> OT1/lmr/bx/it on input line 37.
LaTeX Font Info:    Overwriting math alphabet `\mathtt' in version `bold'
(Font)                  OT1/cmtt/m/n --> OT1/lmtt/m/n on input line 38.
) (c:/Users/murph/AppData/Roaming/TinyTeX/texmf-dist/tex/generic/iftex/iftex.st
y
Package: iftex 2020/03/06 v1.0d TeX engine tests
)
(c:/Users/murph/AppData/Roaming/TinyTeX/texmf-dist/tex/latex/unicode-math/unico
de-math.sty
(c:/Users/murph/AppData/Roaming/TinyTeX/texmf-dist/tex/latex/l3kernel/expl3.sty
Package: expl3 2021-08-27 L3 programming layer (loader) 

(c:/Users/murph/AppData/Roaming/TinyTeX/texmf-dist/tex/latex/l3backend/l3backen
d-xetex.def
File: l3backend-xetex.def 2021-08-04 L3 backend support: XeTeX
(|extractbb --version)
\c__kernel_sys_dvipdfmx_version_int=\count199
\l__color_backend_stack_int=\count266
\g__color_backend_stack_int=\count267
\g__graphics_track_int=\count268
\l__pdf_internal_box=\box52
\g__pdf_backend_object_int=\count269
\g__pdf_backend_annotation_int=\count270
\g__pdf_backend_link_int=\count271
))
Package: unicode-math 2020/01/31 v0.8q Unicode maths in XeLaTeX and LuaLaTeX

(c:/Users/murph/AppData/Roaming/TinyTeX/texmf-dist/tex/latex/unicode-math/unico
de-math-xetex.sty
Package: unicode-math-xetex 2020/01/31 v0.8q Unicode maths in XeLaTeX and LuaLa
TeX

(c:/Users/murph/AppData/Roaming/TinyTeX/texmf-dist/tex/latex/l3packages/xparse/
xparse.sty
Package: xparse 2021-08-27 L3 Experimental document command parser
)
(c:/Users/murph/AppData/Roaming/TinyTeX/texmf-dist/tex/latex/l3packages/l3keys2
e/l3keys2e.sty
Package: l3keys2e 2021-08-27 LaTeX2e option processing using LaTeX3 keys
)
(c:/Users/murph/AppData/Roaming/TinyTeX/texmf-dist/tex/latex/fontspec/fontspec.
sty
Package: fontspec 2020/02/21 v2.7i Font selection for XeLaTeX and LuaLaTeX

(c:/Users/murph/AppData/Roaming/TinyTeX/texmf-dist/tex/latex/fontspec/fontspec-
xetex.sty
Package: fontspec-xetex 2020/02/21 v2.7i Font selection for XeLaTeX and LuaLaTe
X
\l__fontspec_script_int=\count272
\l__fontspec_language_int=\count273
\l__fontspec_strnum_int=\count274
\l__fontspec_tmp_int=\count275
\l__fontspec_tmpa_int=\count276
\l__fontspec_tmpb_int=\count277
\l__fontspec_tmpc_int=\count278
\l__fontspec_em_int=\count279
\l__fontspec_emdef_int=\count280
\l__fontspec_strong_int=\count281
\l__fontspec_strongdef_int=\count282
\l__fontspec_tmpa_dim=\dimen148
\l__fontspec_tmpb_dim=\dimen149
\l__fontspec_tmpc_dim=\dimen150
(c:/Users/murph/AppData/Roaming/TinyTeX/texmf-dist/tex/latex/base/fontenc.sty
Package: fontenc 2021/04/29 v2.0v Standard LaTeX package
)
(c:/Users/murph/AppData/Roaming/TinyTeX/texmf-dist/tex/latex/fontspec/fontspec.
cfg))) (c:/Users/murph/AppData/Roaming/TinyTeX/texmf-dist/tex/latex/base/fix-cm
.sty
Package: fix-cm 2020/11/24 v1.1t fixes to LaTeX
(c:/Users/murph/AppData/Roaming/TinyTeX/texmf-dist/tex/latex/base/ts1enc.def
File: ts1enc.def 2001/06/05 v3.0e (jk/car/fm) Standard LaTeX file
LaTeX Font Info:    Redeclaring font encoding TS1 on input line 47.
))
\g__um_fam_int=\count283
\g__um_fonts_used_int=\count284
\l__um_primecount_int=\count285
\g__um_primekern_muskip=\muskip17

(c:/Users/murph/AppData/Roaming/TinyTeX/texmf-dist/tex/latex/unicode-math/unico
de-math-table.tex)))
(c:/Users/murph/AppData/Roaming/TinyTeX/texmf-dist/tex/latex/parskip/parskip.st
y
Package: parskip 2021-03-14 v2.0h non-zero parskip adjustments

(c:/Users/murph/AppData/Roaming/TinyTeX/texmf-dist/tex/latex/kvoptions/kvoption
s.sty
Package: kvoptions 2020-10-07 v3.14 Key value format for package options (HO)

(c:/Users/murph/AppData/Roaming/TinyTeX/texmf-dist/tex/latex/graphics/keyval.st
y
Package: keyval 2014/10/28 v1.15 key=value parser (DPC)
\KV@toks@=\toks21
)
(c:/Users/murph/AppData/Roaming/TinyTeX/texmf-dist/tex/generic/ltxcmds/ltxcmds.
sty
Package: ltxcmds 2020-05-10 v1.25 LaTeX kernel commands for general use (HO)
)
(c:/Users/murph/AppData/Roaming/TinyTeX/texmf-dist/tex/generic/kvsetkeys/kvsetk
eys.sty
Package: kvsetkeys 2019/12/15 v1.18 Key value parser (HO)
))
(c:/Users/murph/AppData/Roaming/TinyTeX/texmf-dist/tex/latex/etoolbox/etoolbox.
sty
Package: etoolbox 2020/10/05 v2.5k e-TeX tools for LaTeX (JAW)
\etb@tempcnta=\count286
)) (c:/Users/murph/AppData/Roaming/TinyTeX/texmf-dist/tex/latex/xcolor/xcolor.s
ty
Package: xcolor 2016/05/11 v2.12 LaTeX color extensions (UK)

(c:/Users/murph/AppData/Roaming/TinyTeX/texmf-dist/tex/latex/graphics-cfg/color
.cfg
File: color.cfg 2016/01/02 v1.6 sample color configuration
)
Package xcolor Info: Driver file: xetex.def on input line 225.

(c:/Users/murph/AppData/Roaming/TinyTeX/texmf-dist/tex/latex/graphics-def/xetex
.def
File: xetex.def 2021/03/18 v5.0k Graphics/color driver for xetex
)
Package xcolor Info: Model `cmy' substituted by `cmy0' on input line 1348.
Package xcolor Info: Model `RGB' extended on input line 1364.
Package xcolor Info: Model `HTML' substituted by `rgb' on input line 1366.
Package xcolor Info: Model `Hsb' substituted by `hsb' on input line 1367.
Package xcolor Info: Model `tHsb' substituted by `hsb' on input line 1368.
Package xcolor Info: Model `HSB' substituted by `hsb' on input line 1369.
Package xcolor Info: Model `Gray' substituted by `gray' on input line 1370.
Package xcolor Info: Model `wave' substituted by `hsb' on input line 1371.
)
(c:/Users/murph/AppData/Roaming/TinyTeX/texmf-dist/tex/latex/hyperref/hyperref.
sty
Package: hyperref 2021-06-07 v7.00m Hypertext links for LaTeX

(c:/Users/murph/AppData/Roaming/TinyTeX/texmf-dist/tex/generic/pdftexcmds/pdfte
xcmds.sty
Package: pdftexcmds 2020-06-27 v0.33 Utility functions of pdfTeX for LuaTeX (HO
)

(c:/Users/murph/AppData/Roaming/TinyTeX/texmf-dist/tex/generic/infwarerr/infwar
err.sty
Package: infwarerr 2019/12/03 v1.5 Providing info/warning/error messages (HO)
)
Package pdftexcmds Info: \pdf@primitive is available.
Package pdftexcmds Info: \pdf@ifprimitive is available.
Package pdftexcmds Info: \pdfdraftmode not found.
)
(c:/Users/murph/AppData/Roaming/TinyTeX/texmf-dist/tex/generic/kvdefinekeys/kvd
efinekeys.sty
Package: kvdefinekeys 2019-12-19 v1.6 Define keys (HO)
)
(c:/Users/murph/AppData/Roaming/TinyTeX/texmf-dist/tex/generic/pdfescape/pdfesc
ape.sty
Package: pdfescape 2019/12/09 v1.15 Implements pdfTeX's escape features (HO)
)
(c:/Users/murph/AppData/Roaming/TinyTeX/texmf-dist/tex/latex/hycolor/hycolor.st
y
Package: hycolor 2020-01-27 v1.10 Color options for hyperref/bookmark (HO)
)
(c:/Users/murph/AppData/Roaming/TinyTeX/texmf-dist/tex/latex/letltxmacro/letltx
macro.sty
Package: letltxmacro 2019/12/03 v1.6 Let assignment for LaTeX macros (HO)
)
(c:/Users/murph/AppData/Roaming/TinyTeX/texmf-dist/tex/latex/auxhook/auxhook.st
y
Package: auxhook 2019-12-17 v1.6 Hooks for auxiliary files (HO)
)
\@linkdim=\dimen151
\Hy@linkcounter=\count287
\Hy@pagecounter=\count288

(c:/Users/murph/AppData/Roaming/TinyTeX/texmf-dist/tex/latex/hyperref/pd1enc.de
f
File: pd1enc.def 2021-06-07 v7.00m Hyperref: PDFDocEncoding definition (HO)
)
(c:/Users/murph/AppData/Roaming/TinyTeX/texmf-dist/tex/latex/hyperref/hyperref-
langpatches.def
File: hyperref-langpatches.def 2021-06-07 v7.00m Hyperref: patches for babel la
nguages
)
(c:/Users/murph/AppData/Roaming/TinyTeX/texmf-dist/tex/generic/intcalc/intcalc.
sty
Package: intcalc 2019/12/15 v1.3 Expandable calculations with integers (HO)
)
(c:/Users/murph/AppData/Roaming/TinyTeX/texmf-dist/tex/generic/etexcmds/etexcmd
s.sty
Package: etexcmds 2019/12/15 v1.7 Avoid name clashes with e-TeX commands (HO)
)
\Hy@SavedSpaceFactor=\count289

(c:/Users/murph/AppData/Roaming/TinyTeX/texmf-dist/tex/latex/hyperref/puenc.def
File: puenc.def 2021-06-07 v7.00m Hyperref: PDF Unicode definition (HO)
)
Package hyperref Info: Option `unicode' set `true' on input line 4073.
Package hyperref Info: Hyper figures OFF on input line 4192.
Package hyperref Info: Link nesting OFF on input line 4197.
Package hyperref Info: Hyper index ON on input line 4200.
Package hyperref Info: Plain pages OFF on input line 4207.
Package hyperref Info: Backreferencing OFF on input line 4212.
Package hyperref Info: Implicit mode ON; LaTeX internals redefined.
Package hyperref Info: Bookmarks ON on input line 4445.
\c@Hy@tempcnt=\count290
(c:/Users/murph/AppData/Roaming/TinyTeX/texmf-dist/tex/latex/url/url.sty
\Urlmuskip=\muskip18
Package: url 2013/09/16  ver 3.4  Verb mode for urls, etc.
)
LaTeX Info: Redefining \url on input line 4804.
\XeTeXLinkMargin=\dimen152

(c:/Users/murph/AppData/Roaming/TinyTeX/texmf-dist/tex/generic/bitset/bitset.st
y
Package: bitset 2019/12/09 v1.3 Handle bit-vector datatype (HO)

(c:/Users/murph/AppData/Roaming/TinyTeX/texmf-dist/tex/generic/bigintcalc/bigin
tcalc.sty
Package: bigintcalc 2019/12/15 v1.5 Expandable calculations on big integers (HO
)
))
\Fld@menulength=\count291
\Field@Width=\dimen153
\Fld@charsize=\dimen154
Package hyperref Info: Hyper figures OFF on input line 6076.
Package hyperref Info: Link nesting OFF on input line 6081.
Package hyperref Info: Hyper index ON on input line 6084.
Package hyperref Info: backreferencing OFF on input line 6091.
Package hyperref Info: Link coloring OFF on input line 6096.
Package hyperref Info: Link coloring with OCG OFF on input line 6101.
Package hyperref Info: PDF/A mode OFF on input line 6106.
LaTeX Info: Redefining \ref on input line 6146.
LaTeX Info: Redefining \pageref on input line 6150.

(c:/Users/murph/AppData/Roaming/TinyTeX/texmf-dist/tex/latex/base/atbegshi-ltx.
sty
Package: atbegshi-ltx 2021/01/10 v1.0c Emulation of the original atbegshi
package with kernel methods
)
\Hy@abspage=\count292
\c@Item=\count293
\c@Hfootnote=\count294
)
Package hyperref Info: Driver (autodetected): hxetex.

(c:/Users/murph/AppData/Roaming/TinyTeX/texmf-dist/tex/latex/hyperref/hxetex.de
f
File: hxetex.def 2021-06-07 v7.00m Hyperref driver for XeTeX

(c:/Users/murph/AppData/Roaming/TinyTeX/texmf-dist/tex/generic/stringenc/string
enc.sty
Package: stringenc 2019/11/29 v1.12 Convert strings between diff. encodings (HO
)
)
\pdfm@box=\box53
\c@Hy@AnnotLevel=\count295
\HyField@AnnotCount=\count296
\Fld@listcount=\count297
\c@bookmark@seq@number=\count298

(c:/Users/murph/AppData/Roaming/TinyTeX/texmf-dist/tex/latex/rerunfilecheck/rer
unfilecheck.sty
Package: rerunfilecheck 2019/12/05 v1.9 Rerun checks for auxiliary files (HO)

(c:/Users/murph/AppData/Roaming/TinyTeX/texmf-dist/tex/latex/base/atveryend-ltx
.sty
Package: atveryend-ltx 2020/08/19 v1.0a Emulation of the original atvery packag
e
with kernel methods
)
(c:/Users/murph/AppData/Roaming/TinyTeX/texmf-dist/tex/generic/uniquecounter/un
iquecounter.sty
Package: uniquecounter 2019/12/15 v1.4 Provide unlimited unique counter (HO)
)
Package uniquecounter Info: New unique counter `rerunfilecheck' on input line 2
86.
)
\Hy@SectionHShift=\skip52
)
(c:/Users/murph/AppData/Roaming/TinyTeX/texmf-dist/tex/latex/fancyvrb/fancyvrb.
sty
Package: fancyvrb 2021/08/12 v3.8 verbatim text (tvz,hv)
\FV@CodeLineNo=\count299
\FV@InFile=\read2
\FV@TabBox=\box54
\c@FancyVerbLine=\count300
\FV@StepNumber=\count301
\FV@OutFile=\write3
) (c:/Users/murph/AppData/Roaming/TinyTeX/texmf-dist/tex/latex/framed/framed.st
y
Package: framed 2011/10/22 v 0.96: framed or shaded text with page breaks
\OuterFrameSep=\skip53
\fb@frw=\dimen155
\fb@frh=\dimen156
\FrameRule=\dimen157
\FrameSep=\dimen158
)
(c:/Users/murph/AppData/Roaming/TinyTeX/texmf-dist/tex/latex/tools/longtable.st
y
Package: longtable 2021-05-07 v4.16 Multi-page Table package (DPC)
\LTleft=\skip54
\LTright=\skip55
\LTpre=\skip56
\LTpost=\skip57
\LTchunksize=\count302
\LTcapwidth=\dimen159
\LT@head=\box55
\LT@firsthead=\box56
\LT@foot=\box57
\LT@lastfoot=\box58
\LT@gbox=\box59
\LT@cols=\count303
\LT@rows=\count304
\c@LT@tables=\count305
\c@LT@chunks=\count306
\LT@p@ftn=\toks22
)
(c:/Users/murph/AppData/Roaming/TinyTeX/texmf-dist/tex/latex/booktabs/booktabs.
sty
Package: booktabs 2020/01/12 v1.61803398 Publication quality tables
\heavyrulewidth=\dimen160
\lightrulewidth=\dimen161
\cmidrulewidth=\dimen162
\belowrulesep=\dimen163
\belowbottomsep=\dimen164
\aboverulesep=\dimen165
\abovetopsep=\dimen166
\cmidrulesep=\dimen167
\cmidrulekern=\dimen168
\defaultaddspace=\dimen169
\@cmidla=\count307
\@cmidlb=\count308
\@aboverulesep=\dimen170
\@belowrulesep=\dimen171
\@thisruleclass=\count309
\@lastruleclass=\count310
\@thisrulewidth=\dimen172
) (c:/Users/murph/AppData/Roaming/TinyTeX/texmf-dist/tex/latex/tools/array.sty
Package: array 2021/04/20 v2.5e Tabular extension package (FMi)
\col@sep=\dimen173
\ar@mcellbox=\box60
\extrarowheight=\dimen174
\NC@list=\toks23
\extratabsurround=\skip58
\backup@length=\skip59
\ar@cellbox=\box61
) (c:/Users/murph/AppData/Roaming/TinyTeX/texmf-dist/tex/latex/tools/calc.sty
Package: calc 2017/05/25 v4.3 Infix arithmetic (KKT,FJ)
\calc@Acount=\count311
\calc@Bcount=\count312
\calc@Adimen=\dimen175
\calc@Bdimen=\dimen176
\calc@Askip=\skip60
\calc@Bskip=\skip61
LaTeX Info: Redefining \setlength on input line 80.
LaTeX Info: Redefining \addtolength on input line 81.
\calc@Ccount=\count313
\calc@Cskip=\skip62
)
(c:/Users/murph/AppData/Roaming/TinyTeX/texmf-dist/tex/latex/mdwtools/footnote.
sty
Package: footnote 1997/01/28 1.13 Save footnotes around boxes
\fn@notes=\box62
\fn@width=\dimen177
)
(c:/Users/murph/AppData/Roaming/TinyTeX/texmf-dist/tex/latex/graphics/graphicx.
sty
Package: graphicx 2020/12/05 v1.2c Enhanced LaTeX Graphics (DPC,SPQR)

(c:/Users/murph/AppData/Roaming/TinyTeX/texmf-dist/tex/latex/graphics/graphics.
sty
Package: graphics 2021/03/04 v1.4d Standard LaTeX Graphics (DPC,SPQR)
(c:/Users/murph/AppData/Roaming/TinyTeX/texmf-dist/tex/latex/graphics/trig.sty
Package: trig 2016/01/03 v1.10 sin cos tan (DPC)
)
(c:/Users/murph/AppData/Roaming/TinyTeX/texmf-dist/tex/latex/graphics-cfg/graph
ics.cfg
File: graphics.cfg 2016/06/04 v1.11 sample graphics configuration
)
Package graphics Info: Driver file: xetex.def on input line 107.
)
\Gin@req@height=\dimen178
\Gin@req@width=\dimen179
) (c:/Users/murph/AppData/Roaming/TinyTeX/texmf-dist/tex/latex/natbib/natbib.st
y
Package: natbib 2010/09/13 8.31b (PWD, AO)
\bibhang=\skip63
\bibsep=\skip64
LaTeX Info: Redefining \cite on input line 694.
\c@NAT@ctr=\count314
) (c:/Users/murph/AppData/Roaming/TinyTeX/texmf-dist/tex/latex/amscls/amsthm.st
y
Package: amsthm 2020/05/29 v2.20.6
\thm@style=\toks24
\thm@bodyfont=\toks25
\thm@headfont=\toks26
\thm@notefont=\toks27
\thm@headpunct=\toks28
\thm@preskip=\skip65
\thm@postskip=\skip66
\thm@headsep=\skip67
\dth@everypar=\toks29
)
\c@theorem=\count315
\c@lemma=\count316
\c@corollary=\count317
\c@proposition=\count318
\c@conjecture=\count319
\c@definition=\count320
\c@example=\count321
\c@exercise=\count322
\c@hypothesis=\count323
(./_main.aux)
\openout1 = `_main.aux'.

LaTeX Font Info:    Checking defaults for OML/cmm/m/it on input line 138.
LaTeX Font Info:    ... okay on input line 138.
LaTeX Font Info:    Checking defaults for OMS/cmsy/m/n on input line 138.
LaTeX Font Info:    ... okay on input line 138.
LaTeX Font Info:    Checking defaults for OT1/cmr/m/n on input line 138.
LaTeX Font Info:    ... okay on input line 138.
LaTeX Font Info:    Checking defaults for T1/cmr/m/n on input line 138.
LaTeX Font Info:    ... okay on input line 138.
LaTeX Font Info:    Checking defaults for TS1/cmr/m/n on input line 138.
LaTeX Font Info:    ... okay on input line 138.
LaTeX Font Info:    Checking defaults for TU/lmr/m/n on input line 138.
LaTeX Font Info:    ... okay on input line 138.
LaTeX Font Info:    Checking defaults for OMX/cmex/m/n on input line 138.
LaTeX Font Info:    ... okay on input line 138.
LaTeX Font Info:    Checking defaults for U/cmr/m/n on input line 138.
LaTeX Font Info:    ... okay on input line 138.
LaTeX Font Info:    Checking defaults for PD1/pdf/m/n on input line 138.
LaTeX Font Info:    ... okay on input line 138.
LaTeX Font Info:    Checking defaults for PU/pdf/m/n on input line 138.
LaTeX Font Info:    ... okay on input line 138.
LaTeX Font Info:    Overwriting math alphabet `\mathrm' in version `normal'
(Font)                  OT1/lmr/m/n --> TU/lmr/m/n on input line 138.
LaTeX Font Info:    Overwriting math alphabet `\mathit' in version `normal'
(Font)                  OT1/lmr/m/it --> TU/lmr/m/it on input line 138.
LaTeX Font Info:    Overwriting math alphabet `\mathbf' in version `normal'
(Font)                  OT1/lmr/bx/n --> TU/lmr/bx/n on input line 138.
LaTeX Font Info:    Overwriting math alphabet `\mathsf' in version `normal'
(Font)                  OT1/lmss/m/n --> TU/lmss/m/n on input line 138.
LaTeX Font Info:    Overwriting math alphabet `\mathsf' in version `bold'
(Font)                  OT1/lmss/bx/n --> TU/lmss/bx/n on input line 138.
LaTeX Font Info:    Overwriting math alphabet `\mathtt' in version `normal'
(Font)                  OT1/lmtt/m/n --> TU/lmtt/m/n on input line 138.
LaTeX Font Info:    Overwriting math alphabet `\mathtt' in version `bold'
(Font)                  OT1/lmtt/m/n --> TU/lmtt/bx/n on input line 138.

Package fontspec Info: latinmodern-math scale = 0.9999964596882403.


Package fontspec Info: latinmodern-math scale = 0.9999964596882403.


Package fontspec Info: latinmodern-math scale = 0.9999964596882403.


Package fontspec Info: Font family 'latinmodern-math.otf(0)' created for font
(fontspec)             'latinmodern-math.otf' with options
(fontspec)             [Scale=MatchLowercase,BoldItalicFont={},ItalicFont={},Sm
allCapsFont={},Script=Math,BoldFont={latinmodern-math.otf}].
(fontspec)              
(fontspec)              This font family consists of the following NFSS
(fontspec)             series/shapes:
(fontspec)              
(fontspec)             - 'normal' (m/n) with NFSS spec.:
(fontspec)             <->s*[0.9999964596882403]"[latinmodern-math.otf]/OT:scri
pt=math;language=dflt;"
(fontspec)             - 'small caps'  (m/sc) with NFSS spec.: 
(fontspec)             - 'bold' (b/n) with NFSS spec.:
(fontspec)             <->s*[0.9999964596882403]"[latinmodern-math.otf]/OT:scri
pt=math;language=dflt;"
(fontspec)             - 'bold small caps'  (b/sc) with NFSS spec.: 

LaTeX Font Info:    Font shape `TU/latinmodern-math.otf(0)/m/n' will be
(Font)              scaled to size 10.0pt on input line 138.

Package fontspec Info: latinmodern-math scale = 0.9999964596882403.


Package fontspec Info: latinmodern-math scale = 0.9999964596882403.


Package fontspec Info: latinmodern-math scale = 0.9999964596882403.


Package fontspec Info: latinmodern-math scale = 0.9999964596882403.


Package fontspec Info: latinmodern-math scale = 0.9999964596882403.


Package fontspec Info: Font family 'latinmodern-math.otf(1)' created for font
(fontspec)             'latinmodern-math.otf' with options
(fontspec)             [Scale=MatchLowercase,BoldItalicFont={},ItalicFont={},Sm
allCapsFont={},Script=Math,SizeFeatures={{Size=8.5-},{Size=6-8.5,Font=latinmode
rn-math.otf,Style=MathScript},{Size=-6,Font=latinmodern-math.otf,Style=MathScri
ptScript}},BoldFont={latinmodern-math.otf}].
(fontspec)              
(fontspec)              This font family consists of the following NFSS
(fontspec)             series/shapes:
(fontspec)              
(fontspec)             - 'normal' (m/n) with NFSS spec.:
(fontspec)             <8.5->s*[0.9999964596882403]"[latinmodern-math.otf]/OT:s
cript=math;language=dflt;"<6-8.5>s*[0.9999964596882403]"[latinmodern-math.otf]/
OT:script=math;language=dflt;+ssty=0;"<-6>s*[0.9999964596882403]"[latinmodern-m
ath.otf]/OT:script=math;language=dflt;+ssty=1;"
(fontspec)             - 'small caps'  (m/sc) with NFSS spec.: 
(fontspec)             - 'bold' (b/n) with NFSS spec.:
(fontspec)             <->s*[0.9999964596882403]"[latinmodern-math.otf]/OT:scri
pt=math;language=dflt;"
(fontspec)             - 'bold small caps'  (b/sc) with NFSS spec.: 

LaTeX Font Info:    Font shape `TU/latinmodern-math.otf(1)/m/n' will be
(Font)              scaled to size 10.0pt on input line 138.
LaTeX Font Info:    Encoding `OT1' has changed to `TU' for symbol font
(Font)              `operators' in the math version `normal' on input line 138.

LaTeX Font Info:    Overwriting symbol font `operators' in version `normal'
(Font)                  OT1/lmr/m/n --> TU/latinmodern-math.otf(1)/m/n on input
 line 138.
LaTeX Font Info:    Encoding `OT1' has changed to `TU' for symbol font
(Font)              `operators' in the math version `bold' on input line 138.
LaTeX Font Info:    Overwriting symbol font `operators' in version `bold'
(Font)                  OT1/lmr/bx/n --> TU/latinmodern-math.otf(1)/b/n on inpu
t line 138.

Package fontspec Info: latinmodern-math scale = 0.9999964596882403.


Package fontspec Info: latinmodern-math scale = 1.000096459334209.


Package fontspec Info: latinmodern-math scale = 0.9999964596882403.


Package fontspec Info: latinmodern-math scale = 1.000096459334209.


Package fontspec Info: latinmodern-math scale = 0.9999964596882403.


Package fontspec Info: latinmodern-math scale = 1.000096459334209.


Package fontspec Info: latinmodern-math scale = 0.9999964596882403.


Package fontspec Info: latinmodern-math scale = 1.000096459334209.


Package fontspec Info: latinmodern-math scale = 0.9999964596882403.


Package fontspec Info: latinmodern-math scale = 1.000096459334209.


Package fontspec Info: Font family 'latinmodern-math.otf(2)' created for font
(fontspec)             'latinmodern-math.otf' with options
(fontspec)             [Scale=MatchLowercase,BoldItalicFont={},ItalicFont={},Sm
allCapsFont={},Script=Math,SizeFeatures={{Size=8.5-},{Size=6-8.5,Font=latinmode
rn-math.otf,Style=MathScript},{Size=-6,Font=latinmodern-math.otf,Style=MathScri
ptScript}},BoldFont={latinmodern-math.otf},ScaleAgain=1.0001,FontAdjustment={\f
ontdimen
(fontspec)             8\font =6.77pt\relax \fontdimen 9\font =3.94pt\relax
(fontspec)             \fontdimen 10\font =4.44pt\relax \fontdimen 11\font
(fontspec)             =6.86pt\relax \fontdimen 12\font =3.45pt\relax
(fontspec)             \fontdimen 13\font =3.63pt\relax \fontdimen 14\font
(fontspec)             =3.63pt\relax \fontdimen 15\font =2.89pt\relax
(fontspec)             \fontdimen 16\font =2.47pt\relax \fontdimen 17\font
(fontspec)             =2.47pt\relax \fontdimen 18\font =2.5pt\relax
(fontspec)             \fontdimen 19\font =2.0pt\relax \fontdimen 22\font
(fontspec)             =2.5pt\relax \fontdimen 20\font =0pt\relax \fontdimen
(fontspec)             21\font =0pt\relax }].
(fontspec)              
(fontspec)              This font family consists of the following NFSS
(fontspec)             series/shapes:
(fontspec)              
(fontspec)             - 'normal' (m/n) with NFSS spec.:
(fontspec)             <8.5->s*[1.000096459334209]"[latinmodern-math.otf]/OT:sc
ript=math;language=dflt;"<6-8.5>s*[1.000096459334209]"[latinmodern-math.otf]/OT
:script=math;language=dflt;+ssty=0;"<-6>s*[1.000096459334209]"[latinmodern-math
.otf]/OT:script=math;language=dflt;+ssty=1;"
(fontspec)             - 'small caps'  (m/sc) with NFSS spec.: 
(fontspec)             and font adjustment code:
(fontspec)             \fontdimen 8\font =6.77pt\relax \fontdimen 9\font
(fontspec)             =3.94pt\relax \fontdimen 10\font =4.44pt\relax
(fontspec)             \fontdimen 11\font =6.86pt\relax \fontdimen 12\font
(fontspec)             =3.45pt\relax \fontdimen 13\font =3.63pt\relax
(fontspec)             \fontdimen 14\font =3.63pt\relax \fontdimen 15\font
(fontspec)             =2.89pt\relax \fontdimen 16\font =2.47pt\relax
(fontspec)             \fontdimen 17\font =2.47pt\relax \fontdimen 18\font
(fontspec)             =2.5pt\relax \fontdimen 19\font =2.0pt\relax \fontdimen
(fontspec)             22\font =2.5pt\relax \fontdimen 20\font =0pt\relax
(fontspec)             \fontdimen 21\font =0pt\relax 
(fontspec)             - 'bold' (b/n) with NFSS spec.:
(fontspec)             <->s*[1.000096459334209]"[latinmodern-math.otf]/OT:scrip
t=math;language=dflt;"
(fontspec)             - 'bold small caps'  (b/sc) with NFSS spec.: 
(fontspec)             and font adjustment code:
(fontspec)             \fontdimen 8\font =6.77pt\relax \fontdimen 9\font
(fontspec)             =3.94pt\relax \fontdimen 10\font =4.44pt\relax
(fontspec)             \fontdimen 11\font =6.86pt\relax \fontdimen 12\font
(fontspec)             =3.45pt\relax \fontdimen 13\font =3.63pt\relax
(fontspec)             \fontdimen 14\font =3.63pt\relax \fontdimen 15\font
(fontspec)             =2.89pt\relax \fontdimen 16\font =2.47pt\relax
(fontspec)             \fontdimen 17\font =2.47pt\relax \fontdimen 18\font
(fontspec)             =2.5pt\relax \fontdimen 19\font =2.0pt\relax \fontdimen
(fontspec)             22\font =2.5pt\relax \fontdimen 20\font =0pt\relax
(fontspec)             \fontdimen 21\font =0pt\relax 

LaTeX Font Info:    Encoding `OMS' has changed to `TU' for symbol font
(Font)              `symbols' in the math version `normal' on input line 138.
LaTeX Font Info:    Overwriting symbol font `symbols' in version `normal'
(Font)                  OMS/lmsy/m/n --> TU/latinmodern-math.otf(2)/m/n on inpu
t line 138.
LaTeX Font Info:    Encoding `OMS' has changed to `TU' for symbol font
(Font)              `symbols' in the math version `bold' on input line 138.
LaTeX Font Info:    Overwriting symbol font `symbols' in version `bold'
(Font)                  OMS/lmsy/b/n --> TU/latinmodern-math.otf(2)/b/n on inpu
t line 138.

Package fontspec Info: latinmodern-math scale = 0.9999964596882403.


Package fontspec Info: latinmodern-math scale = 0.9998964600422715.


Package fontspec Info: latinmodern-math scale = 0.9999964596882403.


Package fontspec Info: latinmodern-math scale = 0.9998964600422715.


Package fontspec Info: latinmodern-math scale = 0.9999964596882403.


Package fontspec Info: latinmodern-math scale = 0.9998964600422715.


Package fontspec Info: latinmodern-math scale = 0.9999964596882403.


Package fontspec Info: latinmodern-math scale = 0.9998964600422715.


Package fontspec Info: latinmodern-math scale = 0.9999964596882403.


Package fontspec Info: latinmodern-math scale = 0.9998964600422715.


Package fontspec Info: Font family 'latinmodern-math.otf(3)' created for font
(fontspec)             'latinmodern-math.otf' with options
(fontspec)             [Scale=MatchLowercase,BoldItalicFont={},ItalicFont={},Sm
allCapsFont={},Script=Math,SizeFeatures={{Size=8.5-},{Size=6-8.5,Font=latinmode
rn-math.otf,Style=MathScript},{Size=-6,Font=latinmodern-math.otf,Style=MathScri
ptScript}},BoldFont={latinmodern-math.otf},ScaleAgain=0.9999,FontAdjustment={\f
ontdimen
(fontspec)             8\font =0.4pt\relax \fontdimen 9\font =2.0pt\relax
(fontspec)             \fontdimen 10\font =1.67pt\relax \fontdimen 11\font
(fontspec)             =1.11pt\relax \fontdimen 12\font =6.0pt\relax
(fontspec)             \fontdimen 13\font =0pt\relax }].
(fontspec)              
(fontspec)              This font family consists of the following NFSS
(fontspec)             series/shapes:
(fontspec)              
(fontspec)             - 'normal' (m/n) with NFSS spec.:
(fontspec)             <8.5->s*[0.9998964600422715]"[latinmodern-math.otf]/OT:s
cript=math;language=dflt;"<6-8.5>s*[0.9998964600422715]"[latinmodern-math.otf]/
OT:script=math;language=dflt;+ssty=0;"<-6>s*[0.9998964600422715]"[latinmodern-m
ath.otf]/OT:script=math;language=dflt;+ssty=1;"
(fontspec)             - 'small caps'  (m/sc) with NFSS spec.: 
(fontspec)             and font adjustment code:
(fontspec)             \fontdimen 8\font =0.4pt\relax \fontdimen 9\font
(fontspec)             =2.0pt\relax \fontdimen 10\font =1.67pt\relax
(fontspec)             \fontdimen 11\font =1.11pt\relax \fontdimen 12\font
(fontspec)             =6.0pt\relax \fontdimen 13\font =0pt\relax 
(fontspec)             - 'bold' (b/n) with NFSS spec.:
(fontspec)             <->s*[0.9998964600422715]"[latinmodern-math.otf]/OT:scri
pt=math;language=dflt;"
(fontspec)             - 'bold small caps'  (b/sc) with NFSS spec.: 
(fontspec)             and font adjustment code:
(fontspec)             \fontdimen 8\font =0.4pt\relax \fontdimen 9\font
(fontspec)             =2.0pt\relax \fontdimen 10\font =1.67pt\relax
(fontspec)             \fontdimen 11\font =1.11pt\relax \fontdimen 12\font
(fontspec)             =6.0pt\relax \fontdimen 13\font =0pt\relax 

LaTeX Font Info:    Encoding `OMX' has changed to `TU' for symbol font
(Font)              `largesymbols' in the math version `normal' on input line 1
38.
LaTeX Font Info:    Overwriting symbol font `largesymbols' in version `normal'
(Font)                  OMX/lmex/m/n --> TU/latinmodern-math.otf(3)/m/n on inpu
t line 138.
LaTeX Font Info:    Encoding `OMX' has changed to `TU' for symbol font
(Font)              `largesymbols' in the math version `bold' on input line 138
.
LaTeX Font Info:    Overwriting symbol font `largesymbols' in version `bold'
(Font)                  OMX/lmex/m/n --> TU/latinmodern-math.otf(3)/b/n on inpu
t line 138.
Package hyperref Info: Link coloring OFF on input line 138.

(c:/Users/murph/AppData/Roaming/TinyTeX/texmf-dist/tex/latex/hyperref/nameref.s
ty
Package: nameref 2021-04-02 v2.47 Cross-referencing by name of section

(c:/Users/murph/AppData/Roaming/TinyTeX/texmf-dist/tex/latex/refcount/refcount.
sty
Package: refcount 2019/12/15 v3.6 Data extraction from label references (HO)
)
(c:/Users/murph/AppData/Roaming/TinyTeX/texmf-dist/tex/generic/gettitlestring/g
ettitlestring.sty
Package: gettitlestring 2019/12/15 v1.6 Cleanup title references (HO)
)
\c@section@level=\count324
)
LaTeX Info: Redefining \ref on input line 138.
LaTeX Info: Redefining \pageref on input line 138.
LaTeX Info: Redefining \nameref on input line 138.
(./_main.out) (./_main.out)
\@outlinefile=\write4
\openout4 = `_main.out'.

LaTeX Font Info:    Font shape `TU/latinmodern-math.otf(1)/m/n' will be
(Font)              scaled to size 12.0pt on input line 140.
LaTeX Font Info:    Font shape `TU/latinmodern-math.otf(1)/m/n' will be
(Font)              scaled to size 8.0pt on input line 140.
LaTeX Font Info:    Font shape `TU/latinmodern-math.otf(1)/m/n' will be
(Font)              scaled to size 6.0pt on input line 140.
LaTeX Font Info:    Trying to load font information for OML+lmm on input line 1
40.
(c:/Users/murph/AppData/Roaming/TinyTeX/texmf-dist/tex/latex/lm/omllmm.fd
File: omllmm.fd 2015/05/01 v1.6.1 Font defs for Latin Modern
)
LaTeX Font Info:    Font shape `TU/latinmodern-math.otf(2)/m/n' will be
(Font)              scaled to size 12.0011pt on input line 140.
LaTeX Font Info:    Font shape `TU/latinmodern-math.otf(2)/m/n' will be
(Font)              scaled to size 8.00073pt on input line 140.
LaTeX Font Info:    Font shape `TU/latinmodern-math.otf(2)/m/n' will be
(Font)              scaled to size 6.00055pt on input line 140.
LaTeX Font Info:    Font shape `TU/latinmodern-math.otf(3)/m/n' will be
(Font)              scaled to size 11.99872pt on input line 140.
LaTeX Font Info:    Font shape `TU/latinmodern-math.otf(3)/m/n' will be
(Font)              scaled to size 7.99915pt on input line 140.
LaTeX Font Info:    Font shape `TU/latinmodern-math.otf(3)/m/n' will be
(Font)              scaled to size 5.99936pt on input line 140.
LaTeX Font Info:    Trying to load font information for U+msa on input line 140
.
(c:/Users/murph/AppData/Roaming/TinyTeX/texmf-dist/tex/latex/amsfonts/umsa.fd
File: umsa.fd 2013/01/14 v3.01 AMS symbols A
)
LaTeX Font Info:    Trying to load font information for U+msb on input line 140
.
(c:/Users/murph/AppData/Roaming/TinyTeX/texmf-dist/tex/latex/amsfonts/umsb.fd
File: umsb.fd 2013/01/14 v3.01 AMS symbols B
) [1


] [2

] (./_main.toc
LaTeX Font Info:    Font shape `TU/latinmodern-math.otf(1)/m/n' will be
(Font)              scaled to size 7.0pt on input line 2.
LaTeX Font Info:    Font shape `TU/latinmodern-math.otf(1)/m/n' will be
(Font)              scaled to size 5.0pt on input line 2.
LaTeX Font Info:    Font shape `TU/latinmodern-math.otf(2)/m/n' will be
(Font)              scaled to size 10.00092pt on input line 2.
LaTeX Font Info:    Font shape `TU/latinmodern-math.otf(2)/m/n' will be
(Font)              scaled to size 7.00064pt on input line 2.
LaTeX Font Info:    Font shape `TU/latinmodern-math.otf(2)/m/n' will be
(Font)              scaled to size 5.00046pt on input line 2.
LaTeX Font Info:    Font shape `TU/latinmodern-math.otf(3)/m/n' will be
(Font)              scaled to size 9.99893pt on input line 2.
LaTeX Font Info:    Font shape `TU/latinmodern-math.otf(3)/m/n' will be
(Font)              scaled to size 6.99925pt on input line 2.
LaTeX Font Info:    Font shape `TU/latinmodern-math.otf(3)/m/n' will be
(Font)              scaled to size 4.99947pt on input line 2.
[3])
\tf@toc=\write5
\openout5 = `_main.toc'.

[4] [5

]
Underfull \hbox (badness 1242) in paragraph at lines 192--193
[]\TU/lmr/m/n/10 TOP GRADIENT BOOSTING MODELS INCLUDING XGBOOST
 []

[6] [7] [8

]
Chapter 1.
LaTeX Font Info:    Font shape `TU/lmtt/bx/n' in size <10> not available
(Font)              Font shape `TU/lmtt/b/n' tried instead on input line 280.
[9] [10]
Overfull \hbox (19.91013pt too wide) has occurred while \output is active
\TU/lmr/m/sl/10 1.5.  SPLITTING THE DATASET INTO THE TRAINING SET AND TEST SET 
\TU/lmr/m/n/10 11
 []

[11] [12]
Chapter 2.
[13

]
File: _main_files/figure-latex/unnamed-chunk-21-1.pdf Graphic file (type pdf)
<use _main_files/figure-latex/unnamed-chunk-21-1.pdf>

Underfull \vbox (badness 4242) has occurred while \output is active []

[14]
File: _main_files/figure-latex/unnamed-chunk-22-3.pdf Graphic file (type pdf)
<use _main_files/figure-latex/unnamed-chunk-22-3.pdf>

Underfull \vbox (badness 10000) has occurred while \output is active []

[15]
File: _main_files/figure-latex/unnamed-chunk-23-1.pdf Graphic file (type pdf)
<use _main_files/figure-latex/unnamed-chunk-23-1.pdf>

Underfull \vbox (badness 10000) has occurred while \output is active []

[16]
File: _main_files/figure-latex/unnamed-chunk-24-3.pdf Graphic file (type pdf)
<use _main_files/figure-latex/unnamed-chunk-24-3.pdf>

Underfull \vbox (badness 10000) has occurred while \output is active []

[17] [18] [19] [20] [21] [22] [23]
File: _main_files/figure-latex/unnamed-chunk-43-1.pdf Graphic file (type pdf)
<use _main_files/figure-latex/unnamed-chunk-43-1.pdf>
File: _main_files/figure-latex/unnamed-chunk-44-3.pdf Graphic file (type pdf)
<use _main_files/figure-latex/unnamed-chunk-44-3.pdf>

Underfull \vbox (badness 10000) has occurred while \output is active []

[24]
File: _main_files/figure-latex/unnamed-chunk-45-1.pdf Graphic file (type pdf)
<use _main_files/figure-latex/unnamed-chunk-45-1.pdf>

Underfull \vbox (badness 10000) has occurred while \output is active []

[25]
File: _main_files/figure-latex/unnamed-chunk-46-3.pdf Graphic file (type pdf)
<use _main_files/figure-latex/unnamed-chunk-46-3.pdf>

Underfull \vbox (badness 10000) has occurred while \output is active []

[26]
File: _main_files/figure-latex/unnamed-chunk-47-1.pdf Graphic file (type pdf)
<use _main_files/figure-latex/unnamed-chunk-47-1.pdf>

Underfull \vbox (badness 10000) has occurred while \output is active []

[27]
File: _main_files/figure-latex/unnamed-chunk-48-3.pdf Graphic file (type pdf)
<use _main_files/figure-latex/unnamed-chunk-48-3.pdf>

Underfull \vbox (badness 10000) has occurred while \output is active []

[28]

LaTeX Font Warning: Font shape `TU/lmtt/bx/it' in size <10> not available
(Font)              Font shape `TU/lmtt/b/sl' tried instead on input line 1118.


[29] [30] [31]
File: _main_files/figure-latex/unnamed-chunk-62-1.pdf Graphic file (type pdf)
<use _main_files/figure-latex/unnamed-chunk-62-1.pdf>

Underfull \vbox (badness 10000) has occurred while \output is active []

[32]
File: _main_files/figure-latex/unnamed-chunk-63-3.pdf Graphic file (type pdf)
<use _main_files/figure-latex/unnamed-chunk-63-3.pdf>

Underfull \vbox (badness 10000) has occurred while \output is active []

[33]
File: _main_files/figure-latex/unnamed-chunk-64-1.pdf Graphic file (type pdf)
<use _main_files/figure-latex/unnamed-chunk-64-1.pdf>

Underfull \vbox (badness 10000) has occurred while \output is active []

[34]
File: _main_files/figure-latex/unnamed-chunk-65-3.pdf Graphic file (type pdf)
<use _main_files/figure-latex/unnamed-chunk-65-3.pdf>

Underfull \vbox (badness 10000) has occurred while \output is active []

[35]
Underfull \vbox (badness 5403) has occurred while \output is active []

[36]
File: _main_files/figure-latex/unnamed-chunk-73-1.pdf Graphic file (type pdf)
<use _main_files/figure-latex/unnamed-chunk-73-1.pdf>

Underfull \vbox (badness 10000) has occurred while \output is active []

[37]
File: _main_files/figure-latex/unnamed-chunk-74-3.pdf Graphic file (type pdf)
<use _main_files/figure-latex/unnamed-chunk-74-3.pdf>

Underfull \vbox (badness 10000) has occurred while \output is active []

[38]
File: _main_files/figure-latex/unnamed-chunk-75-1.pdf Graphic file (type pdf)
<use _main_files/figure-latex/unnamed-chunk-75-1.pdf>

Underfull \vbox (badness 10000) has occurred while \output is active []

[39]
Underfull \vbox (badness 5403) has occurred while \output is active []

[40] [41]
File: _main_files/figure-latex/unnamed-chunk-83-1.pdf Graphic file (type pdf)
<use _main_files/figure-latex/unnamed-chunk-83-1.pdf>
File: _main_files/figure-latex/unnamed-chunk-84-3.pdf Graphic file (type pdf)
<use _main_files/figure-latex/unnamed-chunk-84-3.pdf>

Underfull \vbox (badness 10000) has occurred while \output is active []

[42] [43] [44

]
Chapter 3.

Underfull \vbox (badness 1057) has occurred while \output is active []

[45]
Underfull \vbox (badness 10000) detected at line 2133
 []


Underfull \vbox (badness 10000) has occurred while \output is active []

[46]
Underfull \vbox (badness 10000) detected at line 2133
 []


Underfull \vbox (badness 10000) detected at line 2133
 []

[47]
Underfull \vbox (badness 10000) detected at line 2133
 []


Underfull \vbox (badness 10000) detected at line 2133
 []

[48]
Underfull \vbox (badness 10000) detected at line 2133
 []


Underfull \vbox (badness 10000) detected at line 2133
 []

[49]
Underfull \vbox (badness 10000) detected at line 2133
 []


Underfull \vbox (badness 10000) detected at line 2133
 []

[50]
Underfull \vbox (badness 10000) detected at line 2133
 []


Underfull \vbox (badness 10000) detected at line 2133
 []

[51]
Underfull \vbox (badness 10000) detected at line 2133
 []


Underfull \vbox (badness 10000) detected at line 2133
 []

[52]
Underfull \vbox (badness 10000) detected at line 2133
 []


Underfull \vbox (badness 10000) detected at line 2133
 []

[53]
Underfull \vbox (badness 10000) detected at line 2133
 []


Underfull \vbox (badness 10000) detected at line 2133
 []

[54] [55]
Underfull \vbox (badness 10000) detected at line 2562
 []


Underfull \vbox (badness 10000) detected at line 2562
 []

[56]
Underfull \vbox (badness 10000) detected at line 2562
 []


Underfull \vbox (badness 10000) detected at line 2562
 []

[57]
Underfull \vbox (badness 10000) detected at line 2562
 []


Underfull \vbox (badness 10000) detected at line 2562
 []

[58]
Underfull \vbox (badness 10000) detected at line 2562
 []


Underfull \vbox (badness 10000) detected at line 2562
 []

[59]
Underfull \vbox (badness 10000) detected at line 2562
 []


Underfull \vbox (badness 10000) detected at line 2562
 []

[60]
Underfull \vbox (badness 10000) detected at line 2562
 []


Underfull \vbox (badness 10000) detected at line 2562
 []

[61]
Underfull \vbox (badness 10000) detected at line 2562
 []


Underfull \vbox (badness 10000) detected at line 2562
 []

[62]
Underfull \vbox (badness 10000) detected at line 2562
 []


Underfull \vbox (badness 10000) detected at line 2562
 []

[63] [64] [65]
Underfull \vbox (badness 10000) detected at line 2719
 []


Underfull \vbox (badness 10000) detected at line 2719
 []

[66] [67]
File: _main_files/figure-latex/unnamed-chunk-101-1.pdf Graphic file (type pdf)
<use _main_files/figure-latex/unnamed-chunk-101-1.pdf>

Underfull \vbox (badness 10000) has occurred while \output is active []

[68] [69]
File: _main_files/figure-latex/unnamed-chunk-103-1.pdf Graphic file (type pdf)
<use _main_files/figure-latex/unnamed-chunk-103-1.pdf>
[70]
Overfull \vbox (1.27576pt too high) detected at line 3328
 []

[71]
Underfull \vbox (badness 10000) detected at line 3328
 []


Underfull \vbox (badness 10000) detected at line 3328
 []

[72]
Underfull \vbox (badness 10000) detected at line 3328
 []


Underfull \vbox (badness 10000) detected at line 3328
 []

[73]
Underfull \vbox (badness 10000) detected at line 3328
 []


Underfull \vbox (badness 10000) detected at line 3328
 []

[74]
Underfull \vbox (badness 10000) detected at line 3328
 []


Underfull \vbox (badness 10000) detected at line 3328
 []

[75]
Underfull \vbox (badness 10000) detected at line 3328
 []


Underfull \vbox (badness 10000) detected at line 3328
 []

[76]
Underfull \vbox (badness 10000) detected at line 3328
 []


Underfull \vbox (badness 10000) detected at line 3328
 []

[77]
Underfull \vbox (badness 10000) detected at line 3328
 []


Underfull \vbox (badness 10000) detected at line 3328
 []

[78]
Underfull \vbox (badness 10000) detected at line 3328
 []


Underfull \vbox (badness 10000) detected at line 3328
 []

[79] [80]
Underfull \vbox (badness 10000) detected at line 3757
 []


Underfull \vbox (badness 10000) detected at line 3757
 []

[81]
Underfull \vbox (badness 10000) detected at line 3757
 []


Underfull \vbox (badness 10000) detected at line 3757
 []

[82]
Underfull \vbox (badness 10000) detected at line 3757
 []


Underfull \vbox (badness 10000) detected at line 3757
 []

[83]
Underfull \vbox (badness 10000) detected at line 3757
 []


Underfull \vbox (badness 10000) detected at line 3757
 []

[84]
Underfull \vbox (badness 10000) detected at line 3757
 []


Underfull \vbox (badness 10000) detected at line 3757
 []

[85]
Underfull \vbox (badness 10000) detected at line 3757
 []


Underfull \vbox (badness 10000) detected at line 3757
 []

[86]
Underfull \vbox (badness 10000) detected at line 3757
 []


Underfull \vbox (badness 10000) detected at line 3757
 []

[87]
Underfull \vbox (badness 10000) detected at line 3757
 []


Underfull \vbox (badness 10000) detected at line 3757
 []

[88]
Underfull \vbox (badness 10000) detected at line 3757
 []


Underfull \vbox (badness 10000) detected at line 3757
 []

[89] [90]
Underfull \vbox (badness 10000) detected at line 3917
 []


Underfull \vbox (badness 10000) detected at line 3917
 []

[91]
Underfull \vbox (badness 10000) has occurred while \output is active []

[92]
Overfull \vbox (1.41785pt too high) detected at line 3988
 []

[93]
File: _main_files/figure-latex/unnamed-chunk-119-1.pdf Graphic file (type pdf)
<use _main_files/figure-latex/unnamed-chunk-119-1.pdf>
[94]
File: _main_files/figure-latex/unnamed-chunk-121-1.pdf Graphic file (type pdf)
<use _main_files/figure-latex/unnamed-chunk-121-1.pdf>
[95] [96]
Underfull \vbox (badness 10000) detected at line 4515
 []


Underfull \vbox (badness 10000) detected at line 4515
 []

[97]
Underfull \vbox (badness 10000) detected at line 4515
 []


Underfull \vbox (badness 10000) detected at line 4515
 []

[98]
Underfull \vbox (badness 10000) detected at line 4515
 []


Underfull \vbox (badness 10000) detected at line 4515
 []

[99]
Underfull \vbox (badness 10000) detected at line 4515
 []


Underfull \vbox (badness 10000) detected at line 4515
 []

[100]
Underfull \vbox (badness 10000) detected at line 4515
 []


Underfull \vbox (badness 10000) detected at line 4515
 []

[101]
Underfull \vbox (badness 10000) detected at line 4515
 []


Underfull \vbox (badness 10000) detected at line 4515
 []

[102]
Underfull \vbox (badness 10000) detected at line 4515
 []


Underfull \vbox (badness 10000) detected at line 4515
 []

[103]
Underfull \vbox (badness 10000) detected at line 4515
 []


Underfull \vbox (badness 10000) detected at line 4515
 []

[104]
Underfull \vbox (badness 10000) has occurred while \output is active []

[105]
Underfull \vbox (badness 10000) detected at line 4944
 []


Underfull \vbox (badness 10000) has occurred while \output is active []

[106]
Underfull \vbox (badness 10000) detected at line 4944
 []


Underfull \vbox (badness 10000) detected at line 4944
 []

[107]
Underfull \vbox (badness 10000) detected at line 4944
 []


Underfull \vbox (badness 10000) detected at line 4944
 []

[108]
Underfull \vbox (badness 10000) detected at line 4944
 []


Underfull \vbox (badness 10000) detected at line 4944
 []

[109]
Underfull \vbox (badness 10000) detected at line 4944
 []


Underfull \vbox (badness 10000) detected at line 4944
 []

[110]
Underfull \vbox (badness 10000) detected at line 4944
 []


Underfull \vbox (badness 10000) detected at line 4944
 []

[111]
Underfull \vbox (badness 10000) detected at line 4944
 []


Underfull \vbox (badness 10000) detected at line 4944
 []

[112]
Underfull \vbox (badness 10000) detected at line 4944
 []


Underfull \vbox (badness 10000) detected at line 4944
 []

[113]
Underfull \vbox (badness 10000) detected at line 4944
 []


Underfull \vbox (badness 10000) detected at line 4944
 []

[114] [115]
Underfull \vbox (badness 10000) detected at line 5104
 []


Underfull \vbox (badness 10000) detected at line 5104
 []

[116]
Underfull \vbox (badness 10000) detected at line 5104
 []


Underfull \vbox (badness 10000) detected at line 5104
 []

[117] [118]
File: _main_files/figure-latex/unnamed-chunk-138-1.pdf Graphic file (type pdf)
<use _main_files/figure-latex/unnamed-chunk-138-1.pdf>
[119]
File: _main_files/figure-latex/unnamed-chunk-140-1.pdf Graphic file (type pdf)
<use _main_files/figure-latex/unnamed-chunk-140-1.pdf>

Underfull \vbox (badness 10000) has occurred while \output is active []

[120] [121]
Underfull \vbox (badness 10000) detected at line 5709
 []


Underfull \vbox (badness 10000) detected at line 5709
 []

[122]
Underfull \vbox (badness 10000) detected at line 5709
 []


Underfull \vbox (badness 10000) detected at line 5709
 []

[123]
Underfull \vbox (badness 10000) detected at line 5709
 []


Underfull \vbox (badness 10000) detected at line 5709
 []

[124]
Underfull \vbox (badness 10000) detected at line 5709
 []


Underfull \vbox (badness 10000) detected at line 5709
 []

[125]
Underfull \vbox (badness 10000) detected at line 5709
 []


Underfull \vbox (badness 10000) detected at line 5709
 []

[126]
Underfull \vbox (badness 10000) detected at line 5709
 []


Underfull \vbox (badness 10000) detected at line 5709
 []

[127]
Underfull \vbox (badness 10000) detected at line 5709
 []


Underfull \vbox (badness 10000) detected at line 5709
 []

[128]
Underfull \vbox (badness 10000) detected at line 5709
 []


Underfull \vbox (badness 10000) detected at line 5709
 []

[129]
Underfull \vbox (badness 10000) has occurred while \output is active []

[130] [131]
Underfull \vbox (badness 10000) detected at line 6138
 []


Underfull \vbox (badness 10000) detected at line 6138
 []

[132]
Underfull \vbox (badness 10000) detected at line 6138
 []


Underfull \vbox (badness 10000) detected at line 6138
 []

[133]
Underfull \vbox (badness 10000) detected at line 6138
 []


Underfull \vbox (badness 10000) detected at line 6138
 []

[134]
Underfull \vbox (badness 10000) detected at line 6138
 []


Underfull \vbox (badness 10000) detected at line 6138
 []

[135]
Underfull \vbox (badness 10000) detected at line 6138
 []


Underfull \vbox (badness 10000) detected at line 6138
 []

[136]
Underfull \vbox (badness 10000) detected at line 6138
 []


Underfull \vbox (badness 10000) detected at line 6138
 []

[137]
Underfull \vbox (badness 10000) detected at line 6138
 []


Underfull \vbox (badness 10000) detected at line 6138
 []

[138]
Underfull \vbox (badness 10000) detected at line 6138
 []


Underfull \vbox (badness 10000) detected at line 6138
 []

[139] [140]
Underfull \vbox (badness 10000) detected at line 6298
 []


Underfull \vbox (badness 10000) detected at line 6298
 []

[141]
Underfull \vbox (badness 10000) detected at line 6298
 []


Underfull \vbox (badness 10000) detected at line 6298
 []

[142]
Overfull \vbox (0.56573pt too high) detected at line 6356
 []

[143]
File: _main_files/figure-latex/unnamed-chunk-157-1.pdf Graphic file (type pdf)
<use _main_files/figure-latex/unnamed-chunk-157-1.pdf>
[144]
File: _main_files/figure-latex/unnamed-chunk-159-1.pdf Graphic file (type pdf)
<use _main_files/figure-latex/unnamed-chunk-159-1.pdf>

Underfull \vbox (badness 10000) has occurred while \output is active []

[145] [146] [147]
Underfull \vbox (badness 10000) detected at line 6903
 []


Underfull \vbox (badness 10000) detected at line 6903
 []

[148]
Underfull \vbox (badness 10000) detected at line 6903
 []


Underfull \vbox (badness 10000) detected at line 6903
 []

[149]
Underfull \vbox (badness 10000) detected at line 6903
 []


Underfull \vbox (badness 10000) detected at line 6903
 []

[150]
Underfull \vbox (badness 10000) detected at line 6903
 []


Underfull \vbox (badness 10000) detected at line 6903
 []

[151]
Underfull \vbox (badness 10000) detected at line 6903
 []


Underfull \vbox (badness 10000) detected at line 6903
 []

[152]
Underfull \vbox (badness 10000) detected at line 6903
 []


Underfull \vbox (badness 10000) detected at line 6903
 []

[153]
Underfull \vbox (badness 10000) detected at line 6903
 []


Underfull \vbox (badness 10000) detected at line 6903
 []

[154]
Underfull \vbox (badness 10000) detected at line 6903
 []


Underfull \vbox (badness 10000) detected at line 6903
 []

[155] [156]
Underfull \vbox (badness 10000) detected at line 7332
 []


Underfull \vbox (badness 10000) detected at line 7332
 []

[157]
Underfull \vbox (badness 10000) detected at line 7332
 []


Underfull \vbox (badness 10000) detected at line 7332
 []

[158]
Underfull \vbox (badness 10000) detected at line 7332
 []


Underfull \vbox (badness 10000) detected at line 7332
 []

[159]
Underfull \vbox (badness 10000) detected at line 7332
 []


Underfull \vbox (badness 10000) detected at line 7332
 []

[160]
Underfull \vbox (badness 10000) detected at line 7332
 []


Underfull \vbox (badness 10000) detected at line 7332
 []

[161]
Underfull \vbox (badness 10000) detected at line 7332
 []


Underfull \vbox (badness 10000) detected at line 7332
 []

[162]
Underfull \vbox (badness 10000) detected at line 7332
 []


Underfull \vbox (badness 10000) detected at line 7332
 []

[163]
Underfull \vbox (badness 10000) detected at line 7332
 []


Underfull \vbox (badness 10000) detected at line 7332
 []

[164] [165] [166]
Underfull \vbox (badness 10000) detected at line 7490
 []


Underfull \vbox (badness 10000) detected at line 7490
 []

[167] [168]
File: _main_files/figure-latex/unnamed-chunk-176-1.pdf Graphic file (type pdf)
<use _main_files/figure-latex/unnamed-chunk-176-1.pdf>

Underfull \vbox (badness 10000) has occurred while \output is active []

[169] [170]
File: _main_files/figure-latex/unnamed-chunk-178-1.pdf Graphic file (type pdf)
<use _main_files/figure-latex/unnamed-chunk-178-1.pdf>
[171]
Overfull \vbox (1.27576pt too high) detected at line 8095
 []

[172]
Underfull \vbox (badness 10000) detected at line 8095
 []


Underfull \vbox (badness 10000) detected at line 8095
 []

[173]
Underfull \vbox (badness 10000) detected at line 8095
 []


Underfull \vbox (badness 10000) detected at line 8095
 []

[174]
Underfull \vbox (badness 10000) detected at line 8095
 []


Underfull \vbox (badness 10000) detected at line 8095
 []

[175]
Underfull \vbox (badness 10000) detected at line 8095
 []


Underfull \vbox (badness 10000) detected at line 8095
 []

[176]
Underfull \vbox (badness 10000) detected at line 8095
 []


Underfull \vbox (badness 10000) detected at line 8095
 []

[177]
Underfull \vbox (badness 10000) detected at line 8095
 []


Underfull \vbox (badness 10000) detected at line 8095
 []

[178]
Underfull \vbox (badness 10000) detected at line 8095
 []


Underfull \vbox (badness 10000) detected at line 8095
 []

[179]
Underfull \vbox (badness 10000) detected at line 8095
 []


Underfull \vbox (badness 10000) detected at line 8095
 []

[180] [181]
Underfull \vbox (badness 10000) detected at line 8524
 []


Underfull \vbox (badness 10000) detected at line 8524
 []

[182]
Underfull \vbox (badness 10000) detected at line 8524
 []


Underfull \vbox (badness 10000) detected at line 8524
 []

[183]
Underfull \vbox (badness 10000) detected at line 8524
 []


Underfull \vbox (badness 10000) detected at line 8524
 []

[184]
Underfull \vbox (badness 10000) detected at line 8524
 []


Underfull \vbox (badness 10000) detected at line 8524
 []

[185]
Underfull \vbox (badness 10000) detected at line 8524
 []


Underfull \vbox (badness 10000) detected at line 8524
 []

[186]
Underfull \vbox (badness 10000) detected at line 8524
 []


Underfull \vbox (badness 10000) detected at line 8524
 []

[187]
Underfull \vbox (badness 10000) detected at line 8524
 []


Underfull \vbox (badness 10000) detected at line 8524
 []

[188]
Underfull \vbox (badness 10000) detected at line 8524
 []


Underfull \vbox (badness 10000) detected at line 8524
 []

[189]
Underfull \vbox (badness 10000) detected at line 8524
 []


Underfull \vbox (badness 10000) detected at line 8524
 []

[190] [191]
Underfull \vbox (badness 10000) detected at line 8682
 []


Underfull \vbox (badness 10000) detected at line 8682
 []

[192]
Underfull \vbox (badness 10000) has occurred while \output is active []

[193]
Overfull \vbox (1.95573pt too high) detected at line 8761
 []

[194]
File: _main_files/figure-latex/unnamed-chunk-195-1.pdf Graphic file (type pdf)
<use _main_files/figure-latex/unnamed-chunk-195-1.pdf>
[195]
File: _main_files/figure-latex/unnamed-chunk-197-1.pdf Graphic file (type pdf)
<use _main_files/figure-latex/unnamed-chunk-197-1.pdf>
File: _main_files/figure-latex/unnamed-chunk-198-1.pdf Graphic file (type pdf)
<use _main_files/figure-latex/unnamed-chunk-198-1.pdf>
[196] [197] [198]
Underfull \vbox (badness 10000) detected at line 9301
 []


Underfull \vbox (badness 10000) detected at line 9301
 []

[199]
Underfull \vbox (badness 10000) detected at line 9301
 []


Underfull \vbox (badness 10000) detected at line 9301
 []

[200]
Underfull \vbox (badness 10000) detected at line 9301
 []


Underfull \vbox (badness 10000) detected at line 9301
 []

[201]
Underfull \vbox (badness 10000) detected at line 9301
 []


Underfull \vbox (badness 10000) detected at line 9301
 []

[202]
Underfull \vbox (badness 10000) detected at line 9301
 []


Underfull \vbox (badness 10000) detected at line 9301
 []

[203]
Underfull \vbox (badness 10000) detected at line 9301
 []


Underfull \vbox (badness 10000) detected at line 9301
 []

[204]
Underfull \vbox (badness 10000) detected at line 9301
 []


Underfull \vbox (badness 10000) detected at line 9301
 []

[205]
Underfull \vbox (badness 10000) detected at line 9301
 []


Underfull \vbox (badness 10000) detected at line 9301
 []

[206] [207]
Underfull \vbox (badness 10000) detected at line 9730
 []


Underfull \vbox (badness 10000) detected at line 9730
 []

[208]
Underfull \vbox (badness 10000) detected at line 9730
 []


Underfull \vbox (badness 10000) detected at line 9730
 []

[209]
Underfull \vbox (badness 10000) detected at line 9730
 []


Underfull \vbox (badness 10000) detected at line 9730
 []

[210]
Underfull \vbox (badness 10000) detected at line 9730
 []


Underfull \vbox (badness 10000) detected at line 9730
 []

[211]
Underfull \vbox (badness 10000) detected at line 9730
 []


Underfull \vbox (badness 10000) detected at line 9730
 []

[212]
Underfull \vbox (badness 10000) detected at line 9730
 []


Underfull \vbox (badness 10000) detected at line 9730
 []

[213]
Underfull \vbox (badness 10000) detected at line 9730
 []


Underfull \vbox (badness 10000) detected at line 9730
 []

[214]
Underfull \vbox (badness 10000) detected at line 9730
 []


Underfull \vbox (badness 10000) detected at line 9730
 []

[215] [216] [217]
Underfull \vbox (badness 10000) detected at line 9890
 []


Underfull \vbox (badness 10000) detected at line 9890
 []

[218] [219]
File: _main_files/figure-latex/unnamed-chunk-215-1.pdf Graphic file (type pdf)
<use _main_files/figure-latex/unnamed-chunk-215-1.pdf>
[220] [221]
File: _main_files/figure-latex/unnamed-chunk-217-1.pdf Graphic file (type pdf)
<use _main_files/figure-latex/unnamed-chunk-217-1.pdf>
File: _main_files/figure-latex/unnamed-chunk-218-1.pdf Graphic file (type pdf)
<use _main_files/figure-latex/unnamed-chunk-218-1.pdf>

Underfull \vbox (badness 10000) has occurred while \output is active []

[222] [223] [224

]
Chapter 4.

Package natbib Warning: Citation `R-bookdown' on page 225 undefined on input li
ne 10056.


Package natbib Warning: Citation `xie2015' on page 225 undefined on input line 
10056.

[225] [226

]
Chapter 5.
[227] [228

]
Chapter 6.
[229]

Package natbib Warning: There were undefined citations.

[230] (./_main.aux)
Package rerunfilecheck Info: File `_main.out' has not changed.
(rerunfilecheck)             Checksum: DA934D038CCE0F374B81F152B95E25BC;6205.
 ) 
Here is how much of TeX's memory you used:
 17408 strings out of 478532
 319492 string characters out of 5861311
 819825 words of memory out of 5000000
 37380 multiletter control sequences out of 15000+600000
 409945 words of font info for 88 fonts, out of 8000000 for 9000
 14 hyphenation exceptions out of 8191
 87i,8n,120p,510b,383s stack positions out of 5000i,500n,10000p,200000b,80000s

Output written on _main.pdf (230 pages).
